Common/build/intermediates/manifest_merge_blame_file/debug/manifest-merger-blame-debug-report.txt
1<?xml version="1.0" encoding="utf-8"?>
2<!--
3  ~ Copyright (c) 2016-present 贵州纳雍穿青人李裕江<1032694760@qq.com>
4  ~
5  ~ The software is licensed under the Mulan PSL v2.
6  ~ You can use this software according to the terms and conditions of the Mulan PSL v2.
7  ~ You may obtain a copy of Mulan PSL v2 at:
8  ~     http://license.coscl.org.cn/MulanPSL2
9  ~ THIS SOFTWARE IS PROVIDED ON AN "AS IS" BASIS, WITHOUT WARRANTIES OF ANY KIND, EITHER EXPRESS OR
10  ~ IMPLIED, INCLUDING BUT NOT LIMITED TO NON-INFRINGEMENT, MERCHANTABILITY OR FIT FOR A PARTICULAR
11  ~ PURPOSE.
12  ~ See the Mulan PSL v2 for more details.
13-->
14<manifest xmlns:android="http://schemas.android.com/apk/res/android"
15    package="com.github.gzuliyujiang.dialog"
16    android:versionCode="1"
17    android:versionName="1.0" >
18
19    <uses-sdk
20        android:minSdkVersion="21"
20-->src\main\AndroidManifest.xml
21        android:targetSdkVersion="28" />
21-->src\main\AndroidManifest.xml
22
23</manifest>